<?xml version="1.0" encoding="UTF-8"?>
<!-- Generated by org.testng.reporters.JUnitXMLReporter -->
<testsuite ignored="2" hostname="DESKTOP-MO9OVGV" failures="0" tests="3" name="Default test(failed)" time="41.331" errors="0" timestamp="2023-02-02T12:55:22 IST">
  <testcase classname="come.qa.testcases.FirstTest" name="addCourseTest" time="10.489"/>
  <testcase classname="come.qa.testcases.FirstTest" name="addCourseTest" time="10.318"/>
  <testcase classname="come.qa.testcases.FirstTest" name="addCourseTest" time="11.486"/>
  <testcase classname="come.qa.testcases.FirstTest" name="verifyTitleContainsTest" time="0.0">
    <ignored/>
  </testcase> <!-- verifyTitleContainsTest -->
  <testcase classname="come.qa.testcases.FirstTest" name="verifyUserLandToLoginPageTest" time="0.0">
    <ignored/>
  </testcase> <!-- verifyUserLandToLoginPageTest -->
</testsuite> <!-- Default test(failed) -->
