<?xml version="1.0" encoding="UTF-8"?>
<!-- Generated by org.testng.reporters.JUnitXMLReporter -->
<testsuite ignored="0" hostname="DESKTOP-MO9OVGV" failures="0" tests="4" name="Default test" time="28.862" errors="0" timestamp="2023-02-15T16:06:41 IST">
  <testcase classname="come.qa.testcases.FillFormUsingExcel" name="test1" time="1.881"/>
  <testcase classname="come.qa.testcases.FillFormUsingExcel" name="test1" time="1.555"/>
  <testcase classname="come.qa.testcases.FillFormUsingExcel" name="test1" time="1.551"/>
  <testcase classname="come.qa.testcases.FillFormUsingExcel" name="test1" time="11.463"/>
</testsuite> <!-- Default test -->
