<?xml version="1.0" encoding="UTF-8"?>
<!-- Generated by org.testng.reporters.JUnitXMLReporter -->
<testsuite ignored="0" hostname="DESKTOP-MO9OVGV" failures="0" tests="2" name="Default test" time="24.447" errors="0" timestamp="2022-12-25T20:18:14 IST">
  <testcase classname="come.qa.testcases.AssignmentThreeTest" name="clickDifferentTabsTest" time="6.822"/>
  <testcase classname="come.qa.testcases.AssignmentThreeTest" name="compareTabListwithActualTest" time="4.709"/>
</testsuite> <!-- Default test -->
