<?xml version="1.0" encoding="UTF-8"?>
<!-- Generated by org.testng.reporters.JUnitXMLReporter -->
<testsuite ignored="0" hostname="DESKTOP-MO9OVGV" failures="0" tests="13" name="ChromeTest" time="88.592" errors="0" timestamp="2022-12-25T19:57:04 IST">
  <testcase classname="come.qa.testcases.AssignmentTwoTest" name="verifyCSSpropertyTest" time="0.616"/>
  <testcase classname="come.qa.testcases.AssignmentTwoTest" name="verifyEmptyPasswordValidationTest" time="0.975"/>
  <testcase classname="come.qa.testcases.AssignmentTwoTest" name="verifyEmptyUNvalidationTest" time="0.943"/>
  <testcase classname="come.qa.testcases.AssignmentOneTest" name="verifyTitleContainsTest" time="0.013"/>
  <testcase classname="come.qa.testcases.AssignmentOneTest" name="verifyURLContainsTest" time="0.01"/>
  <testcase classname="come.qa.testcases.AssignmentOneTest" name="verifyURLEndsWithTest" time="0.01"/>
  <testcase classname="come.qa.testcases.AssignmentTwoTest" name="verifyPasswordValidationTest" time="4.085"/>
  <testcase classname="come.qa.testcases.AssignmentOneTest" name="verifySiteLogoTest" time="1.237"/>
  <testcase classname="come.qa.testcases.AssignmentTwoTest" name="verifyInvalidAlertTest" time="2.674"/>
  <testcase classname="come.qa.testcases.AssignmentOneTest" name="verifySocialLinksTest" time="0.745"/>
  <testcase classname="come.qa.testcases.AssignmentTwoTest" name="loginLogoutTest" time="4.584"/>
  <testcase classname="come.qa.testcases.AssignmentOneTest" name="verifySocialLinksWithMAPTest" time="0.701"/>
  <testcase classname="come.qa.testcases.AssignmentOneTest" name="verifyYTlinkExistTest" time="0.717"/>
</testsuite> <!-- ChromeTest -->
