<?xml version="1.0" encoding="UTF-8"?>
<!-- Generated by org.testng.reporters.JUnitXMLReporter -->
<testsuite ignored="1" hostname="DESKTOP-MO9OVGV" failures="0" tests="4" name="Test" time="35.31" errors="0" timestamp="2023-02-02T23:50:16 IST">
  <testcase classname="come.qa.testcases.FirstTest" name="verifyTitleContainsTest" time="0.03"/>
  <testcase classname="come.qa.testcases.FirstTest" name="verifyUserLandToLoginPageTest" time="6.095"/>
  <testcase classname="come.qa.testcases.FirstTest" name="addCourseTest" time="9.644"/>
  <testcase classname="come.qa.testcases.FirstTest" name="signOutTest" time="9.527"/>
  <testcase classname="come.qa.testcases.FirstTest" name="deleteCourseTest" time="0.0">
    <ignored/>
  </testcase> <!-- deleteCourseTest -->
</testsuite> <!-- Test -->
