<?xml version="1.0" encoding="UTF-8"?>
<!-- Generated by org.testng.reporters.JUnitXMLReporter -->
<testsuite ignored="0" hostname="DESKTOP-MO9OVGV" failures="0" tests="5" name="Test" time="56.194" errors="0" timestamp="2023-02-03T19:43:37 IST">
  <testcase classname="come.qa.testcases.FirstTest" name="verifyTitleContainsTest" time="0.034"/>
  <testcase classname="come.qa.testcases.FirstTest" name="verifyUserLandToLoginPageTest" time="5.895"/>
  <testcase classname="come.qa.testcases.FirstTest" name="addCourseTest" time="16.97"/>
  <testcase classname="come.qa.testcases.FirstTest" name="deleteCourseTest" time="12.393"/>
  <testcase classname="come.qa.testcases.FirstTest" name="signOutTest" time="9.293"/>
</testsuite> <!-- Test -->
