<?xml version="1.0" encoding="UTF-8"?>
<testng-results ignored="2" total="3" passed="1" failed="0" skipped="0">
  <reporter-output>
  </reporter-output>
  <suite started-at="2023-02-02T11:53:53 IST" name="Default suite" finished-at="2023-02-02T11:54:07 IST" duration-ms="13966">
    <groups>
    </groups>
    <test started-at="2023-02-02T11:53:53 IST" name="Default test" finished-at="2023-02-02T11:54:07 IST" duration-ms="13966">
      <class name="come.qa.testcases.FirstTest">
        <test-method is-config="true" signature="setup()[pri:0, instance:come.qa.testcases.FirstTest@55cb6996]" started-at="2023-02-02T11:53:53 IST" name="setup" finished-at="2023-02-02T11:53:57 IST" duration-ms="3918" status="PASS">
          <reporter-output>
          </reporter-output>
        </test-method> <!-- setup -->
        <test-method signature="addCourseTest()[pri:3, instance:come.qa.testcases.FirstTest@55cb6996]" started-at="2023-02-02T11:53:57 IST" name="addCourseTest" finished-at="2023-02-02T11:54:07 IST" duration-ms="9987" status="PASS">
          <reporter-output>
          </reporter-output>
        </test-method> <!-- addCourseTest -->
        <test-method is-config="true" signature="tearDown()[pri:0, instance:come.qa.testcases.FirstTest@55cb6996]" started-at="2023-02-02T11:54:07 IST" name="tearDown" finished-at="2023-02-02T11:54:07 IST" duration-ms="1" status="PASS">
          <reporter-output>
          </reporter-output>
        </test-method> <!-- tearDown -->
      </class> <!-- come.qa.testcases.FirstTest -->
    </test> <!-- Default test -->
  </suite> <!-- Default suite -->
</testng-results>
