<?xml version="1.0" encoding="UTF-8"?>
<testng-results ignored="0" total="7" passed="7" failed="0" skipped="0">
  <reporter-output>
  </reporter-output>
  <suite started-at="2022-12-24T18:46:58 IST" name="Default suite" finished-at="2022-12-24T18:47:36 IST" duration-ms="37874">
    <groups>
    </groups>
    <test started-at="2022-12-24T18:46:58 IST" name="Default test" finished-at="2022-12-24T18:47:36 IST" duration-ms="37874">
      <class name="come.qa.testcases.AssignmentOneTest">
        <test-method is-config="true" signature="setup()[pri:0, instance:come.qa.testcases.AssignmentOneTest@58d75e99]" started-at="2022-12-24T18:46:59 IST" name="setup" finished-at="2022-12-24T18:47:05 IST" duration-ms="6144" status="PASS">
          <reporter-output>
          </reporter-output>
        </test-method> <!-- setup -->
        <test-method signature="verifyTitleContainsTest()[pri:1, instance:come.qa.testcases.AssignmentOneTest@58d75e99]" started-at="2022-12-24T18:47:05 IST" name="verifyTitleContainsTest" finished-at="2022-12-24T18:47:05 IST" duration-ms="20" status="PASS">
          <reporter-output>
          </reporter-output>
        </test-method> <!-- verifyTitleContainsTest -->
        <test-method is-config="true" signature="tearDown()[pri:0, instance:come.qa.testcases.AssignmentOneTest@58d75e99]" started-at="2022-12-24T18:47:05 IST" name="tearDown" finished-at="2022-12-24T18:47:05 IST" duration-ms="266" status="PASS">
          <reporter-output>
          </reporter-output>
        </test-method> <!-- tearDown -->
        <test-method is-config="true" signature="setup()[pri:0, instance:come.qa.testcases.AssignmentOneTest@58d75e99]" started-at="2022-12-24T18:47:05 IST" name="setup" finished-at="2022-12-24T18:47:09 IST" duration-ms="4072" status="PASS">
          <reporter-output>
          </reporter-output>
        </test-method> <!-- setup -->
        <test-method signature="verifyURLContainsTest()[pri:1, instance:come.qa.testcases.AssignmentOneTest@58d75e99]" started-at="2022-12-24T18:47:09 IST" name="verifyURLContainsTest" finished-at="2022-12-24T18:47:09 IST" duration-ms="9" status="PASS">
          <reporter-output>
          </reporter-output>
        </test-method> <!-- verifyURLContainsTest -->
        <test-method is-config="true" signature="tearDown()[pri:0, instance:come.qa.testcases.AssignmentOneTest@58d75e99]" started-at="2022-12-24T18:47:09 IST" name="tearDown" finished-at="2022-12-24T18:47:09 IST" duration-ms="189" status="PASS">
          <reporter-output>
          </reporter-output>
        </test-method> <!-- tearDown -->
        <test-method is-config="true" signature="setup()[pri:0, instance:come.qa.testcases.AssignmentOneTest@58d75e99]" started-at="2022-12-24T18:47:09 IST" name="setup" finished-at="2022-12-24T18:47:13 IST" duration-ms="4074" status="PASS">
          <reporter-output>
          </reporter-output>
        </test-method> <!-- setup -->
        <test-method signature="verifyURLEndsWithTest()[pri:1, instance:come.qa.testcases.AssignmentOneTest@58d75e99]" started-at="2022-12-24T18:47:13 IST" name="verifyURLEndsWithTest" finished-at="2022-12-24T18:47:13 IST" duration-ms="13" status="PASS">
          <reporter-output>
          </reporter-output>
        </test-method> <!-- verifyURLEndsWithTest -->
        <test-method is-config="true" signature="tearDown()[pri:0, instance:come.qa.testcases.AssignmentOneTest@58d75e99]" started-at="2022-12-24T18:47:13 IST" name="tearDown" finished-at="2022-12-24T18:47:14 IST" duration-ms="210" status="PASS">
          <reporter-output>
          </reporter-output>
        </test-method> <!-- tearDown -->
        <test-method is-config="true" signature="setup()[pri:0, instance:come.qa.testcases.AssignmentOneTest@58d75e99]" started-at="2022-12-24T18:47:14 IST" name="setup" finished-at="2022-12-24T18:47:18 IST" duration-ms="4248" status="PASS">
          <reporter-output>
          </reporter-output>
        </test-method> <!-- setup -->
        <test-method signature="verifySiteLogoTest()[pri:2, instance:come.qa.testcases.AssignmentOneTest@58d75e99]" started-at="2022-12-24T18:47:18 IST" name="verifySiteLogoTest" finished-at="2022-12-24T18:47:19 IST" duration-ms="1109" status="PASS">
          <reporter-output>
          </reporter-output>
        </test-method> <!-- verifySiteLogoTest -->
        <test-method is-config="true" signature="tearDown()[pri:0, instance:come.qa.testcases.AssignmentOneTest@58d75e99]" started-at="2022-12-24T18:47:19 IST" name="tearDown" finished-at="2022-12-24T18:47:19 IST" duration-ms="226" status="PASS">
          <reporter-output>
          </reporter-output>
        </test-method> <!-- tearDown -->
        <test-method is-config="true" signature="setup()[pri:0, instance:come.qa.testcases.AssignmentOneTest@58d75e99]" started-at="2022-12-24T18:47:19 IST" name="setup" finished-at="2022-12-24T18:47:26 IST" duration-ms="6771" status="PASS">
          <reporter-output>
          </reporter-output>
        </test-method> <!-- setup -->
        <test-method signature="verifySocialLinksTest()[pri:3, instance:come.qa.testcases.AssignmentOneTest@58d75e99]" started-at="2022-12-24T18:47:26 IST" name="verifySocialLinksTest" finished-at="2022-12-24T18:47:27 IST" duration-ms="644" status="PASS">
          <reporter-output>
          </reporter-output>
        </test-method> <!-- verifySocialLinksTest -->
        <test-method is-config="true" signature="tearDown()[pri:0, instance:come.qa.testcases.AssignmentOneTest@58d75e99]" started-at="2022-12-24T18:47:27 IST" name="tearDown" finished-at="2022-12-24T18:47:27 IST" duration-ms="200" status="PASS">
          <reporter-output>
          </reporter-output>
        </test-method> <!-- tearDown -->
        <test-method is-config="true" signature="setup()[pri:0, instance:come.qa.testcases.AssignmentOneTest@58d75e99]" started-at="2022-12-24T18:47:27 IST" name="setup" finished-at="2022-12-24T18:47:31 IST" duration-ms="4044" status="PASS">
          <reporter-output>
          </reporter-output>
        </test-method> <!-- setup -->
        <test-method signature="verifySocialLinksWithMAPTest()[pri:4, instance:come.qa.testcases.AssignmentOneTest@58d75e99]" started-at="2022-12-24T18:47:31 IST" name="verifySocialLinksWithMAPTest" finished-at="2022-12-24T18:47:31 IST" duration-ms="553" status="PASS">
          <reporter-output>
          </reporter-output>
        </test-method> <!-- verifySocialLinksWithMAPTest -->
        <test-method is-config="true" signature="tearDown()[pri:0, instance:come.qa.testcases.AssignmentOneTest@58d75e99]" started-at="2022-12-24T18:47:31 IST" name="tearDown" finished-at="2022-12-24T18:47:32 IST" duration-ms="205" status="PASS">
          <reporter-output>
          </reporter-output>
        </test-method> <!-- tearDown -->
        <test-method is-config="true" signature="setup()[pri:0, instance:come.qa.testcases.AssignmentOneTest@58d75e99]" started-at="2022-12-24T18:47:32 IST" name="setup" finished-at="2022-12-24T18:47:36 IST" duration-ms="4001" status="PASS">
          <reporter-output>
          </reporter-output>
        </test-method> <!-- setup -->
        <test-method signature="verifyYTlinkExistTest()[pri:5, instance:come.qa.testcases.AssignmentOneTest@58d75e99]" started-at="2022-12-24T18:47:36 IST" name="verifyYTlinkExistTest" finished-at="2022-12-24T18:47:36 IST" duration-ms="599" status="PASS">
          <reporter-output>
          </reporter-output>
        </test-method> <!-- verifyYTlinkExistTest -->
        <test-method is-config="true" signature="tearDown()[pri:0, instance:come.qa.testcases.AssignmentOneTest@58d75e99]" started-at="2022-12-24T18:47:36 IST" name="tearDown" finished-at="2022-12-24T18:47:36 IST" duration-ms="194" status="PASS">
          <reporter-output>
          </reporter-output>
        </test-method> <!-- tearDown -->
      </class> <!-- come.qa.testcases.AssignmentOneTest -->
    </test> <!-- Default test -->
  </suite> <!-- Default suite -->
</testng-results>
